<?xml version="1.0" encoding="UTF-8"?>
<testsuite xmlns:xsi="http://www.w3.org/2001/XMLSchema-instance" xsi:noNamespaceSchemaLocation="https://maven.apache.org/surefire/maven-surefire-plugin/xsd/surefire-test-report-3.0.xsd" version="3.0" name="DataValidationTest" time="0.117" tests="8" errors="0" skipped="0" failures="0">
  <properties>
[...]
</properties>
  <testcase name="deveRetornarFalseQuandoCpfPassadoEInvalido" classname="DataValidationTest" time="0.068"/>
  <testcase name="deveRetornarTrueQuandoCepPassadoEValido" classname="DataValidationTest" time="0.002"/>
  <testcase name="deveRetornarFalseQuandoEmailPassadoEInvalido" classname="DataValidationTest" time="0.002"/>
  <testcase name="deveRetornarTrueQuandoCpfPassadoEValido" classname="DataValidationTest" time="0.002"/>
  <testcase name="deveRetornarTrueQuandoNumeroCelularPassadoEValido" classname="DataValidationTest" time="0.002"/>
  <testcase name="deveRetornarTrueQuandoEmailPassadoEValido" classname="DataValidationTest" time="0.003"/>
  <testcase name="deveRetornarFalseQuandoNumeroCelularPassadoEInvalido" classname="DataValidationTest" time="0.002"/>
  <testcase name="deveRetornarFalseQuandoCepPassadoEInvalido" classname="DataValidationTest" time="0.001"/>
</testsuite>